<?xml version="1.0" encoding="UTF-8"?>
<!-- Generated by org.testng.reporters.JUnitXMLReporter -->
<testsuite hostname="DESKTOP-V3JUOU1" ignored="0" name="Test" tests="3" failures="0" timestamp="03 May 2021 11:30:25 GMT" time="48.546" errors="0">
  <testcase name="login" time="5.572" classname="com.qa.TestScripts.TC_FaceBookInvalid"/>
  <testcase name="login" time="19.759" classname="com.qa.TestScripts.TC_FaceBookInvalid"/>
  <testcase name="login" time="5.951" classname="com.qa.TestScripts.TC_FaceBookInvalid"/>
</testsuite> <!-- Test -->
